0 info it worked if it ends with ok
1 verbose cli [ '/Users/ted/.nvm/versions/node/v6.5.0/bin/node',
1 verbose cli   '/Users/ted/.nvm/versions/node/v6.5.0/bin/npm',
1 verbose cli   'run',
1 verbose cli   'scss' ]
2 info using npm@3.10.3
3 info using node@v6.5.0
4 verbose run-script [ 'prescss', 'scss', 'postscss' ]
5 info lifecycle sass-gen@1.0.0~prescss: sass-gen@1.0.0
6 silly lifecycle sass-gen@1.0.0~prescss: no script for prescss, continuing
7 info lifecycle sass-gen@1.0.0~scss: sass-gen@1.0.0
8 verbose lifecycle sass-gen@1.0.0~scss: unsafe-perm in lifecycle true
9 verbose lifecycle sass-gen@1.0.0~scss: PATH: /Users/ted/.nvm/versions/node/v6.5.0/lib/node_modules/npm/bin/node-gyp-bin:/Users/ted/Documents/dev/jnd-comp-generator/node_modules/.bin:/Users/ted/.nvm/versions/node/v6.5.0/bin:/Users/ted/.nvm/versions/node/v6.5.0/bin:/usr/local/bin:/usr/bin:/bin:/usr/sbin:/sbin
10 verbose lifecycle sass-gen@1.0.0~scss: CWD: /Users/ted/Documents/dev/jnd-comp-generator
11 silly lifecycle sass-gen@1.0.0~scss: Args: [ '-c', 'node-sass --watch scss -o css' ]
12 silly lifecycle sass-gen@1.0.0~scss: Returned: code: 1  signal: null
13 info lifecycle sass-gen@1.0.0~scss: Failed to exec scss script
14 verbose stack Error: sass-gen@1.0.0 scss: `node-sass --watch scss -o css`
14 verbose stack Exit status 1
14 verbose stack     at EventEmitter.<anonymous> (/Users/ted/.nvm/versions/node/v6.5.0/lib/node_modules/npm/lib/utils/lifecycle.js:242:16)
14 verbose stack     at emitTwo (events.js:106:13)
14 verbose stack     at EventEmitter.emit (events.js:191:7)
14 verbose stack     at ChildProcess.<anonymous> (/Users/ted/.nvm/versions/node/v6.5.0/lib/node_modules/npm/lib/utils/spawn.js:40:14)
14 verbose stack     at emitTwo (events.js:106:13)
14 verbose stack     at ChildProcess.emit (events.js:191:7)
14 verbose stack     at maybeClose (internal/child_process.js:877:16)
14 verbose stack     at Process.ChildProcess._handle.onexit (internal/child_process.js:226:5)
15 verbose pkgid sass-gen@1.0.0
16 verbose cwd /Users/ted/Documents/dev/jnd-comp-generator
17 error Darwin 14.5.0
18 error argv "/Users/ted/.nvm/versions/node/v6.5.0/bin/node" "/Users/ted/.nvm/versions/node/v6.5.0/bin/npm" "run" "scss"
19 error node v6.5.0
20 error npm  v3.10.3
21 error code ELIFECYCLE
22 error sass-gen@1.0.0 scss: `node-sass --watch scss -o css`
22 error Exit status 1
23 error Failed at the sass-gen@1.0.0 scss script 'node-sass --watch scss -o css'.
23 error Make sure you have the latest version of node.js and npm installed.
23 error If you do, this is most likely a problem with the sass-gen package,
23 error not with npm itself.
23 error Tell the author that this fails on your system:
23 error     node-sass --watch scss -o css
23 error You can get information on how to open an issue for this project with:
23 error     npm bugs sass-gen
23 error Or if that isn't available, you can get their info via:
23 error     npm owner ls sass-gen
23 error There is likely additional logging output above.
24 verbose exit [ 1, true ]
